<?xml version="1.0" encoding="UTF-8"?>
<coverage generated="1698772714252" clover="3.2.0">
  <project timestamp="1698772714252" name="All files">
    <metrics statements="115" coveredstatements="115" conditionals="107" coveredconditionals="102" methods="41" coveredmethods="41" elements="263" coveredelements="258" complexity="0" loc="115" ncloc="115" packages="16" files="36" classes="36"/>
    <package name="Api">
      <metrics statements="41" coveredstatements="41" conditionals="69" coveredconditionals="64" methods="13" coveredmethods="13"/>
      <file name="map-data.js" path="D:\Programação\Udemy\React - Next\Pratica\Projeto 1\front-end\src\Api\map-data.js">
        <metrics statements="4" coveredstatements="4" conditionals="6" coveredconditionals="6" methods="2" coveredmethods="2"/>
        <line num="4" count="1" type="cond" truecount="1" falsecount="0"/>
        <line num="5" count="2" type="stmt"/>
        <line num="12" count="2" type="stmt"/>
        <line num="14" count="2" type="stmt"/>
      </file>
      <file name="map-menu.js" path="D:\Programação\Udemy\React - Next\Pratica\Projeto 1\front-end\src\Api\map-menu.js">
        <metrics statements="8" coveredstatements="8" conditionals="10" coveredconditionals="10" methods="3" coveredmethods="3"/>
        <line num="1" count="2" type="cond" truecount="1" falsecount="0"/>
        <line num="12" count="4" type="stmt"/>
        <line num="14" count="4" type="cond" truecount="2" falsecount="0"/>
        <line num="16" count="4" type="stmt"/>
        <line num="25" count="2" type="cond" truecount="1" falsecount="0"/>
        <line num="26" count="6" type="stmt"/>
        <line num="31" count="4" type="stmt"/>
        <line num="33" count="4" type="stmt"/>
      </file>
      <file name="map-sections.js" path="D:\Programação\Udemy\React - Next\Pratica\Projeto 1\front-end\src\Api\map-sections.js">
        <metrics statements="29" coveredstatements="29" conditionals="53" coveredconditionals="48" methods="8" coveredmethods="8"/>
        <line num="1" count="2" type="cond" truecount="1" falsecount="0"/>
        <line num="2" count="7" type="stmt"/>
        <line num="3" count="9" type="cond" truecount="2" falsecount="0"/>
        <line num="4" count="1" type="stmt"/>
        <line num="6" count="8" type="cond" truecount="2" falsecount="0"/>
        <line num="7" count="1" type="stmt"/>
        <line num="9" count="7" type="cond" truecount="2" falsecount="0"/>
        <line num="10" count="3" type="cond" truecount="2" falsecount="0"/>
        <line num="12" count="3" type="cond" truecount="2" falsecount="0"/>
        <line num="13" count="1" type="stmt"/>
        <line num="16" count="2" type="cond" truecount="2" falsecount="0"/>
        <line num="17" count="1" type="stmt"/>
        <line num="20" count="5" type="stmt"/>
        <line num="24" count="2" type="cond" truecount="1" falsecount="0"/>
        <line num="31" count="3" type="stmt"/>
        <line num="33" count="3" type="stmt"/>
        <line num="42" count="2" type="cond" truecount="1" falsecount="0"/>
        <line num="48" count="3" type="stmt"/>
        <line num="50" count="3" type="stmt"/>
        <line num="58" count="2" type="cond" truecount="1" falsecount="0"/>
        <line num="64" count="3" type="stmt"/>
        <line num="66" count="3" type="stmt"/>
        <line num="73" count="5" type="cond" truecount="0" falsecount="2"/>
        <line num="74" count="5" type="stmt"/>
        <line num="79" count="2" type="cond" truecount="1" falsecount="0"/>
        <line num="85" count="3" type="stmt"/>
        <line num="87" count="3" type="stmt"/>
        <line num="96" count="3" type="stmt"/>
        <line num="97" count="3" type="stmt"/>
      </file>
    </package>
    <package name="Components.Footer">
      <metrics statements="3" coveredstatements="3" conditionals="0" coveredconditionals="0" methods="1" coveredmethods="1"/>
      <file name="index.jsx" path="D:\Programação\Udemy\React - Next\Pratica\Projeto 1\front-end\src\Components\Footer\index.jsx">
        <metrics statements="2" coveredstatements="2" conditionals="0" coveredconditionals="0" methods="1" coveredmethods="1"/>
        <line num="5" count="1" type="stmt"/>
        <line num="6" count="1" type="stmt"/>
      </file>
      <file name="styles.js" path="D:\Programação\Udemy\React - Next\Pratica\Projeto 1\front-end\src\Components\Footer\styles.js">
        <metrics statements="1" coveredstatements="1" conditionals="0" coveredconditionals="0" methods="0" coveredmethods="0"/>
        <line num="6" count="1" type="stmt"/>
      </file>
    </package>
    <package name="Components.GoTop">
      <metrics statements="3" coveredstatements="3" conditionals="0" coveredconditionals="0" methods="1" coveredmethods="1"/>
      <file name="index.jsx" path="D:\Programação\Udemy\React - Next\Pratica\Projeto 1\front-end\src\Components\GoTop\index.jsx">
        <metrics statements="2" coveredstatements="2" conditionals="0" coveredconditionals="0" methods="1" coveredmethods="1"/>
        <line num="4" count="1" type="stmt"/>
        <line num="5" count="1" type="stmt"/>
      </file>
      <file name="styles.js" path="D:\Programação\Udemy\React - Next\Pratica\Projeto 1\front-end\src\Components\GoTop\styles.js">
        <metrics statements="1" coveredstatements="1" conditionals="0" coveredconditionals="0" methods="0" coveredmethods="0"/>
        <line num="4" count="1" type="stmt"/>
      </file>
    </package>
    <package name="Components.GridContent">
      <metrics statements="4" coveredstatements="4" conditionals="1" coveredconditionals="1" methods="1" coveredmethods="1"/>
      <file name="index.jsx" path="D:\Programação\Udemy\React - Next\Pratica\Projeto 1\front-end\src\Components\GridContent\index.jsx">
        <metrics statements="2" coveredstatements="2" conditionals="1" coveredconditionals="1" methods="1" coveredmethods="1"/>
        <line num="6" count="1" type="cond" truecount="1" falsecount="0"/>
        <line num="7" count="1" type="stmt"/>
      </file>
      <file name="styles.js" path="D:\Programação\Udemy\React - Next\Pratica\Projeto 1\front-end\src\Components\GridContent\styles.js">
        <metrics statements="2" coveredstatements="2" conditionals="0" coveredconditionals="0" methods="0" coveredmethods="0"/>
        <line num="3" count="1" type="stmt"/>
        <line num="8" count="1" type="stmt"/>
      </file>
    </package>
    <package name="Components.GridImage">
      <metrics statements="6" coveredstatements="6" conditionals="1" coveredconditionals="1" methods="2" coveredmethods="2"/>
      <file name="index.jsx" path="D:\Programação\Udemy\React - Next\Pratica\Projeto 1\front-end\src\Components\GridImage\index.jsx">
        <metrics statements="3" coveredstatements="3" conditionals="1" coveredconditionals="1" methods="2" coveredmethods="2"/>
        <line num="6" count="1" type="stmt"/>
        <line num="13" count="1" type="stmt"/>
        <line num="22" count="6" type="stmt"/>
      </file>
      <file name="mock.js" path="D:\Programação\Udemy\React - Next\Pratica\Projeto 1\front-end\src\Components\GridImage\mock.js">
        <metrics statements="0" coveredstatements="0" conditionals="0" coveredconditionals="0" methods="0" coveredmethods="0"/>
      </file>
      <file name="styles.js" path="D:\Programação\Udemy\React - Next\Pratica\Projeto 1\front-end\src\Components\GridImage\styles.js">
        <metrics statements="3" coveredstatements="3" conditionals="0" coveredconditionals="0" methods="0" coveredmethods="0"/>
        <line num="6" count="1" type="stmt"/>
        <line num="12" count="1" type="stmt"/>
        <line num="18" count="1" type="stmt"/>
      </file>
    </package>
    <package name="Components.GridText">
      <metrics statements="6" coveredstatements="6" conditionals="1" coveredconditionals="1" methods="2" coveredmethods="2"/>
      <file name="index.jsx" path="D:\Programação\Udemy\React - Next\Pratica\Projeto 1\front-end\src\Components\GridText\index.jsx">
        <metrics statements="3" coveredstatements="3" conditionals="1" coveredconditionals="1" methods="2" coveredmethods="2"/>
        <line num="6" count="1" type="cond" truecount="1" falsecount="0"/>
        <line num="7" count="1" type="stmt"/>
        <line num="16" count="3" type="stmt"/>
      </file>
      <file name="mock.js" path="D:\Programação\Udemy\React - Next\Pratica\Projeto 1\front-end\src\Components\GridText\mock.js">
        <metrics statements="0" coveredstatements="0" conditionals="0" coveredconditionals="0" methods="0" coveredmethods="0"/>
      </file>
      <file name="styles.js" path="D:\Programação\Udemy\React - Next\Pratica\Projeto 1\front-end\src\Components\GridText\styles.js">
        <metrics statements="3" coveredstatements="3" conditionals="0" coveredconditionals="0" methods="0" coveredmethods="0"/>
        <line num="6" count="1" type="stmt"/>
        <line num="12" count="1" type="stmt"/>
        <line num="19" count="1" type="stmt"/>
      </file>
    </package>
    <package name="Components.GridTwoColumns">
      <metrics statements="5" coveredstatements="5" conditionals="2" coveredconditionals="2" methods="1" coveredmethods="1"/>
      <file name="index.jsx" path="D:\Programação\Udemy\React - Next\Pratica\Projeto 1\front-end\src\Components\GridTwoColumns\index.jsx">
        <metrics statements="2" coveredstatements="2" conditionals="2" coveredconditionals="2" methods="1" coveredmethods="1"/>
        <line num="6" count="1" type="stmt"/>
        <line num="13" count="2" type="stmt"/>
      </file>
      <file name="mock.js" path="D:\Programação\Udemy\React - Next\Pratica\Projeto 1\front-end\src\Components\GridTwoColumns\mock.js">
        <metrics statements="0" coveredstatements="0" conditionals="0" coveredconditionals="0" methods="0" coveredmethods="0"/>
      </file>
      <file name="styles.js" path="D:\Programação\Udemy\React - Next\Pratica\Projeto 1\front-end\src\Components\GridTwoColumns\styles.js">
        <metrics statements="3" coveredstatements="3" conditionals="0" coveredconditionals="0" methods="0" coveredmethods="0"/>
        <line num="5" count="1" type="stmt"/>
        <line num="21" count="1" type="stmt"/>
        <line num="27" count="1" type="stmt"/>
      </file>
    </package>
    <package name="Components.Heading">
      <metrics statements="13" coveredstatements="13" conditionals="12" coveredconditionals="12" methods="5" coveredmethods="5"/>
      <file name="index.jsx" path="D:\Programação\Udemy\React - Next\Pratica\Projeto 1\front-end\src\Components\Heading\index.jsx">
        <metrics statements="3" coveredstatements="3" conditionals="4" coveredconditionals="4" methods="1" coveredmethods="1"/>
        <line num="4" count="7" type="stmt"/>
        <line num="11" count="24" type="stmt"/>
        <line num="19" count="7" type="stmt"/>
      </file>
      <file name="styles.js" path="D:\Programação\Udemy\React - Next\Pratica\Projeto 1\front-end\src\Components\Heading\styles.js">
        <metrics statements="10" coveredstatements="10" conditionals="8" coveredconditionals="8" methods="4" coveredmethods="4"/>
        <line num="4" count="7" type="stmt"/>
        <line num="5" count="24" type="cond" truecount="4" falsecount="0"/>
        <line num="7" count="8" type="stmt"/>
        <line num="9" count="4" type="stmt"/>
        <line num="11" count="1" type="stmt"/>
        <line num="13" count="11" type="stmt"/>
        <line num="17" count="7" type="stmt"/>
        <line num="19" count="24" type="cond" truecount="2" falsecount="0"/>
        <line num="20" count="24" type="stmt"/>
        <line num="21" count="24" type="cond" truecount="2" falsecount="0"/>
      </file>
    </package>
    <package name="Components.LogoLink">
      <metrics statements="3" coveredstatements="3" conditionals="2" coveredconditionals="2" methods="1" coveredmethods="1"/>
      <file name="index.jsx" path="D:\Programação\Udemy\React - Next\Pratica\Projeto 1\front-end\src\Components\LogoLink\index.jsx">
        <metrics statements="2" coveredstatements="2" conditionals="2" coveredconditionals="2" methods="1" coveredmethods="1"/>
        <line num="4" count="2" type="stmt"/>
        <line num="5" count="7" type="stmt"/>
      </file>
      <file name="styles.js" path="D:\Programação\Udemy\React - Next\Pratica\Projeto 1\front-end\src\Components\LogoLink\styles.js">
        <metrics statements="1" coveredstatements="1" conditionals="0" coveredconditionals="0" methods="0" coveredmethods="0"/>
        <line num="3" count="2" type="stmt"/>
      </file>
    </package>
    <package name="Components.Menu">
      <metrics statements="11" coveredstatements="11" conditionals="9" coveredconditionals="9" methods="6" coveredmethods="6"/>
      <file name="index.jsx" path="D:\Programação\Udemy\React - Next\Pratica\Projeto 1\front-end\src\Components\Menu\index.jsx">
        <metrics statements="5" coveredstatements="5" conditionals="3" coveredconditionals="3" methods="3" coveredmethods="3"/>
        <line num="9" count="1" type="cond" truecount="1" falsecount="0"/>
        <line num="10" count="5" type="stmt"/>
        <line num="12" count="5" type="stmt"/>
        <line num="16" count="1" type="stmt"/>
        <line num="25" count="1" type="stmt"/>
      </file>
      <file name="styles.js" path="D:\Programação\Udemy\React - Next\Pratica\Projeto 1\front-end\src\Components\Menu\styles.js">
        <metrics statements="6" coveredstatements="6" conditionals="6" coveredconditionals="6" methods="3" coveredmethods="3"/>
        <line num="6" count="1" type="stmt"/>
        <line num="28" count="5" type="cond" truecount="2" falsecount="0"/>
        <line num="29" count="5" type="cond" truecount="2" falsecount="0"/>
        <line num="47" count="1" type="stmt"/>
        <line num="58" count="1" type="stmt"/>
        <line num="71" count="5" type="cond" truecount="2" falsecount="0"/>
      </file>
    </package>
    <package name="Components.MenuLink">
      <metrics statements="4" coveredstatements="4" conditionals="3" coveredconditionals="3" methods="1" coveredmethods="1"/>
      <file name="index.jsx" path="D:\Programação\Udemy\React - Next\Pratica\Projeto 1\front-end\src\Components\MenuLink\index.jsx">
        <metrics statements="3" coveredstatements="3" conditionals="3" coveredconditionals="3" methods="1" coveredmethods="1"/>
        <line num="3" count="3" type="cond" truecount="1" falsecount="0"/>
        <line num="4" count="32" type="cond" truecount="2" falsecount="0"/>
        <line num="6" count="32" type="stmt"/>
      </file>
      <file name="styles.js" path="D:\Programação\Udemy\React - Next\Pratica\Projeto 1\front-end\src\Components\MenuLink\styles.js">
        <metrics statements="1" coveredstatements="1" conditionals="0" coveredconditionals="0" methods="0" coveredmethods="0"/>
        <line num="4" count="3" type="stmt"/>
      </file>
    </package>
    <package name="Components.NavLinks">
      <metrics statements="4" coveredstatements="4" conditionals="1" coveredconditionals="1" methods="2" coveredmethods="2"/>
      <file name="index.jsx" path="D:\Programação\Udemy\React - Next\Pratica\Projeto 1\front-end\src\Components\NavLinks\index.jsx">
        <metrics statements="3" coveredstatements="3" conditionals="1" coveredconditionals="1" methods="2" coveredmethods="2"/>
        <line num="4" count="2" type="cond" truecount="1" falsecount="0"/>
        <line num="5" count="8" type="stmt"/>
        <line num="8" count="30" type="stmt"/>
      </file>
      <file name="mock.js" path="D:\Programação\Udemy\React - Next\Pratica\Projeto 1\front-end\src\Components\NavLinks\mock.js">
        <metrics statements="0" coveredstatements="0" conditionals="0" coveredconditionals="0" methods="0" coveredmethods="0"/>
      </file>
      <file name="styles.js" path="D:\Programação\Udemy\React - Next\Pratica\Projeto 1\front-end\src\Components\NavLinks\styles.js">
        <metrics statements="1" coveredstatements="1" conditionals="0" coveredconditionals="0" methods="0" coveredmethods="0"/>
        <line num="4" count="2" type="stmt"/>
      </file>
    </package>
    <package name="Components.SectionBackground">
      <metrics statements="5" coveredstatements="5" conditionals="6" coveredconditionals="6" methods="3" coveredmethods="3"/>
      <file name="index.jsx" path="D:\Programação\Udemy\React - Next\Pratica\Projeto 1\front-end\src\Components\SectionBackground\index.jsx">
        <metrics statements="2" coveredstatements="2" conditionals="2" coveredconditionals="2" methods="1" coveredmethods="1"/>
        <line num="4" count="5" type="stmt"/>
        <line num="9" count="7" type="stmt"/>
      </file>
      <file name="styles.js" path="D:\Programação\Udemy\React - Next\Pratica\Projeto 1\front-end\src\Components\SectionBackground\styles.js">
        <metrics statements="3" coveredstatements="3" conditionals="4" coveredconditionals="4" methods="2" coveredmethods="2"/>
        <line num="4" count="5" type="stmt"/>
        <line num="6" count="7" type="cond" truecount="2" falsecount="0"/>
        <line num="8" count="7" type="cond" truecount="2" falsecount="0"/>
      </file>
    </package>
    <package name="Components.SectionContainer">
      <metrics statements="3" coveredstatements="3" conditionals="0" coveredconditionals="0" methods="1" coveredmethods="1"/>
      <file name="index.jsx" path="D:\Programação\Udemy\React - Next\Pratica\Projeto 1\front-end\src\Components\SectionContainer\index.jsx">
        <metrics statements="2" coveredstatements="2" conditionals="0" coveredconditionals="0" methods="1" coveredmethods="1"/>
        <line num="3" count="7" type="stmt"/>
        <line num="4" count="13" type="stmt"/>
      </file>
      <file name="styles.js" path="D:\Programação\Udemy\React - Next\Pratica\Projeto 1\front-end\src\Components\SectionContainer\styles.js">
        <metrics statements="1" coveredstatements="1" conditionals="0" coveredconditionals="0" methods="0" coveredmethods="0"/>
        <line num="4" count="7" type="stmt"/>
      </file>
    </package>
    <package name="Components.Text">
      <metrics statements="3" coveredstatements="3" conditionals="0" coveredconditionals="0" methods="1" coveredmethods="1"/>
      <file name="index.jsx" path="D:\Programação\Udemy\React - Next\Pratica\Projeto 1\front-end\src\Components\Text\index.jsx">
        <metrics statements="2" coveredstatements="2" conditionals="0" coveredconditionals="0" methods="1" coveredmethods="1"/>
        <line num="3" count="6" type="stmt"/>
        <line num="4" count="11" type="stmt"/>
      </file>
      <file name="styles.js" path="D:\Programação\Udemy\React - Next\Pratica\Projeto 1\front-end\src\Components\Text\styles.js">
        <metrics statements="1" coveredstatements="1" conditionals="0" coveredconditionals="0" methods="0" coveredmethods="0"/>
        <line num="4" count="6" type="stmt"/>
      </file>
    </package>
    <package name="Styles">
      <metrics statements="1" coveredstatements="1" conditionals="0" coveredconditionals="0" methods="0" coveredmethods="0"/>
      <file name="theme.js" path="D:\Programação\Udemy\React - Next\Pratica\Projeto 1\front-end\src\Styles\theme.js">
        <metrics statements="1" coveredstatements="1" conditionals="0" coveredconditionals="0" methods="0" coveredmethods="0"/>
        <line num="1" count="13" type="stmt"/>
      </file>
    </package>
  </project>
</coverage>
