{"D:\\Programação\\Udemy\\React - Next\\Pratica\\Projeto 1\\front-end\\src\\Api\\map-data.js": {"path":"D:\\Programação\\Udemy\\React - Next\\Pratica\\Projeto 1\\front-end\\src\\Api\\map-data.js","statementMap":{"0":{"start":{"line":4,"column":23},"end":{"line":22,"column":1}},"1":{"start":{"line":5,"column":2},"end":{"line":21,"column":4}},"2":{"start":{"line":12,"column":8},"end":{"line":12,"column":12}},"3":{"start":{"line":14,"column":4},"end":{"line":20,"column":5}}},"fnMap":{"0":{"name":"(anonymous_0)","decl":{"start":{"line":4,"column":23},"end":{"line":4,"column":24}},"loc":{"start":{"line":4,"column":45},"end":{"line":22,"column":1}},"line":4},"1":{"name":"(anonymous_1)","decl":{"start":{"line":5,"column":23},"end":{"line":5,"column":24}},"loc":{"start":{"line":5,"column":33},"end":{"line":21,"column":3}},"line":5}},"branchMap":{"0":{"loc":{"start":{"line":4,"column":24},"end":{"line":4,"column":40}},"type":"default-arg","locations":[{"start":{"line":4,"column":36},"end":{"line":4,"column":40}}],"line":4},"1":{"loc":{"start":{"line":7,"column":19},"end":{"line":7,"column":34}},"type":"default-arg","locations":[{"start":{"line":7,"column":32},"end":{"line":7,"column":34}}],"line":7},"2":{"loc":{"start":{"line":8,"column":6},"end":{"line":8,"column":15}},"type":"default-arg","locations":[{"start":{"line":8,"column":13},"end":{"line":8,"column":15}}],"line":8},"3":{"loc":{"start":{"line":9,"column":6},"end":{"line":9,"column":16}},"type":"default-arg","locations":[{"start":{"line":9,"column":14},"end":{"line":9,"column":16}}],"line":9},"4":{"loc":{"start":{"line":10,"column":6},"end":{"line":10,"column":18}},"type":"default-arg","locations":[{"start":{"line":10,"column":16},"end":{"line":10,"column":18}}],"line":10},"5":{"loc":{"start":{"line":11,"column":6},"end":{"line":11,"column":15}},"type":"default-arg","locations":[{"start":{"line":11,"column":13},"end":{"line":11,"column":15}}],"line":11}},"s":{"0":1,"1":2,"2":2,"3":2},"f":{"0":2,"1":2},"b":{"0":[1],"1":[1],"2":[1],"3":[1],"4":[1],"5":[1]},"_coverageSchema":"1a1c01bbd47fc00a2c39e90264f33305004495a9","hash":"ff9bf404c93c8510e5587cf3ba6e6b4e14195d90"}
,"D:\\Programação\\Udemy\\React - Next\\Pratica\\Projeto 1\\front-end\\src\\Api\\map-menu.js": {"path":"D:\\Programação\\Udemy\\React - Next\\Pratica\\Projeto 1\\front-end\\src\\Api\\map-menu.js","statementMap":{"0":{"start":{"line":1,"column":23},"end":{"line":23,"column":1}},"1":{"start":{"line":12,"column":6},"end":{"line":12,"column":10}},"2":{"start":{"line":14,"column":17},"end":{"line":14,"column":60}},"3":{"start":{"line":16,"column":2},"end":{"line":22,"column":3}},"4":{"start":{"line":25,"column":28},"end":{"line":39,"column":1}},"5":{"start":{"line":26,"column":2},"end":{"line":38,"column":4}},"6":{"start":{"line":31,"column":8},"end":{"line":31,"column":12}},"7":{"start":{"line":33,"column":4},"end":{"line":37,"column":5}}},"fnMap":{"0":{"name":"(anonymous_0)","decl":{"start":{"line":1,"column":23},"end":{"line":1,"column":24}},"loc":{"start":{"line":1,"column":38},"end":{"line":23,"column":1}},"line":1},"1":{"name":"(anonymous_1)","decl":{"start":{"line":25,"column":28},"end":{"line":25,"column":29}},"loc":{"start":{"line":25,"column":44},"end":{"line":39,"column":1}},"line":25},"2":{"name":"(anonymous_2)","decl":{"start":{"line":26,"column":19},"end":{"line":26,"column":20}},"loc":{"start":{"line":26,"column":29},"end":{"line":38,"column":3}},"line":26}},"branchMap":{"0":{"loc":{"start":{"line":1,"column":24},"end":{"line":1,"column":33}},"type":"default-arg","locations":[{"start":{"line":1,"column":31},"end":{"line":1,"column":33}}],"line":1},"1":{"loc":{"start":{"line":3,"column":15},"end":{"line":3,"column":24}},"type":"default-arg","locations":[{"start":{"line":3,"column":22},"end":{"line":3,"column":24}}],"line":3},"2":{"loc":{"start":{"line":4,"column":15},"end":{"line":4,"column":24}},"type":"default-arg","locations":[{"start":{"line":4,"column":22},"end":{"line":4,"column":24}}],"line":4},"3":{"loc":{"start":{"line":5,"column":21},"end":{"line":5,"column":35}},"type":"default-arg","locations":[{"start":{"line":5,"column":30},"end":{"line":5,"column":35}}],"line":5},"4":{"loc":{"start":{"line":6,"column":16},"end":{"line":6,"column":26}},"type":"default-arg","locations":[{"start":{"line":6,"column":24},"end":{"line":6,"column":26}}],"line":6},"5":{"loc":{"start":{"line":14,"column":17},"end":{"line":14,"column":60}},"type":"binary-expr","locations":[{"start":{"line":14,"column":17},"end":{"line":14,"column":54}},{"start":{"line":14,"column":58},"end":{"line":14,"column":60}}],"line":14},"6":{"loc":{"start":{"line":25,"column":29},"end":{"line":25,"column":39}},"type":"default-arg","locations":[{"start":{"line":25,"column":37},"end":{"line":25,"column":39}}],"line":25},"7":{"loc":{"start":{"line":29,"column":23},"end":{"line":29,"column":37}},"type":"default-arg","locations":[{"start":{"line":29,"column":32},"end":{"line":29,"column":37}}],"line":29},"8":{"loc":{"start":{"line":30,"column":11},"end":{"line":30,"column":20}},"type":"default-arg","locations":[{"start":{"line":30,"column":18},"end":{"line":30,"column":20}}],"line":30}},"s":{"0":2,"1":4,"2":4,"3":4,"4":2,"5":6,"6":4,"7":4},"f":{"0":4,"1":6,"2":4},"b":{"0":[1],"1":[3],"2":[3],"3":[3],"4":[3],"5":[4,4],"6":[1],"7":[1],"8":[1]},"_coverageSchema":"1a1c01bbd47fc00a2c39e90264f33305004495a9","hash":"f6e30b7df15f49286e6b7952e961277545adc318"}
,"D:\\Programação\\Udemy\\React - Next\\Pratica\\Projeto 1\\front-end\\src\\Api\\map-sections.js": {"path":"D:\\Programação\\Udemy\\React - Next\\Pratica\\Projeto 1\\front-end\\src\\Api\\map-sections.js","statementMap":{"0":{"start":{"line":1,"column":27},"end":{"line":22,"column":1}},"1":{"start":{"line":2,"column":2},"end":{"line":21,"column":4}},"2":{"start":{"line":3,"column":4},"end":{"line":5,"column":5}},"3":{"start":{"line":4,"column":6},"end":{"line":4,"column":42}},"4":{"start":{"line":6,"column":4},"end":{"line":8,"column":5}},"5":{"start":{"line":7,"column":6},"end":{"line":7,"column":39}},"6":{"start":{"line":9,"column":4},"end":{"line":19,"column":5}},"7":{"start":{"line":10,"column":48},"end":{"line":10,"column":55}},"8":{"start":{"line":12,"column":6},"end":{"line":14,"column":7}},"9":{"start":{"line":13,"column":8},"end":{"line":13,"column":35}},"10":{"start":{"line":16,"column":6},"end":{"line":18,"column":7}},"11":{"start":{"line":17,"column":8},"end":{"line":17,"column":36}},"12":{"start":{"line":20,"column":4},"end":{"line":20,"column":18}},"13":{"start":{"line":24,"column":36},"end":{"line":41,"column":1}},"14":{"start":{"line":31,"column":6},"end":{"line":31,"column":13}},"15":{"start":{"line":33,"column":2},"end":{"line":40,"column":3}},"16":{"start":{"line":42,"column":33},"end":{"line":57,"column":1}},"17":{"start":{"line":48,"column":6},"end":{"line":48,"column":13}},"18":{"start":{"line":50,"column":2},"end":{"line":56,"column":3}},"19":{"start":{"line":58,"column":27},"end":{"line":77,"column":1}},"20":{"start":{"line":64,"column":6},"end":{"line":64,"column":13}},"21":{"start":{"line":66,"column":2},"end":{"line":76,"column":3}},"22":{"start":{"line":73,"column":47},"end":{"line":73,"column":51}},"23":{"start":{"line":74,"column":6},"end":{"line":74,"column":35}},"24":{"start":{"line":79,"column":28},"end":{"line":103,"column":1}},"25":{"start":{"line":85,"column":6},"end":{"line":85,"column":13}},"26":{"start":{"line":87,"column":2},"end":{"line":102,"column":3}},"27":{"start":{"line":96,"column":10},"end":{"line":96,"column":13}},"28":{"start":{"line":97,"column":6},"end":{"line":100,"column":7}}},"fnMap":{"0":{"name":"(anonymous_0)","decl":{"start":{"line":1,"column":27},"end":{"line":1,"column":28}},"loc":{"start":{"line":1,"column":46},"end":{"line":22,"column":1}},"line":1},"1":{"name":"(anonymous_1)","decl":{"start":{"line":2,"column":22},"end":{"line":2,"column":23}},"loc":{"start":{"line":2,"column":35},"end":{"line":21,"column":3}},"line":2},"2":{"name":"(anonymous_2)","decl":{"start":{"line":24,"column":36},"end":{"line":24,"column":37}},"loc":{"start":{"line":24,"column":54},"end":{"line":41,"column":1}},"line":24},"3":{"name":"(anonymous_3)","decl":{"start":{"line":42,"column":33},"end":{"line":42,"column":34}},"loc":{"start":{"line":42,"column":51},"end":{"line":57,"column":1}},"line":42},"4":{"name":"(anonymous_4)","decl":{"start":{"line":58,"column":27},"end":{"line":58,"column":28}},"loc":{"start":{"line":58,"column":45},"end":{"line":77,"column":1}},"line":58},"5":{"name":"(anonymous_5)","decl":{"start":{"line":72,"column":19},"end":{"line":72,"column":20}},"loc":{"start":{"line":72,"column":29},"end":{"line":75,"column":5}},"line":72},"6":{"name":"(anonymous_6)","decl":{"start":{"line":79,"column":28},"end":{"line":79,"column":29}},"loc":{"start":{"line":79,"column":46},"end":{"line":103,"column":1}},"line":79},"7":{"name":"(anonymous_7)","decl":{"start":{"line":93,"column":19},"end":{"line":93,"column":20}},"loc":{"start":{"line":93,"column":28},"end":{"line":101,"column":5}},"line":93}},"branchMap":{"0":{"loc":{"start":{"line":1,"column":28},"end":{"line":1,"column":41}},"type":"default-arg","locations":[{"start":{"line":1,"column":39},"end":{"line":1,"column":41}}],"line":1},"1":{"loc":{"start":{"line":3,"column":4},"end":{"line":5,"column":5}},"type":"if","locations":[{"start":{"line":3,"column":4},"end":{"line":5,"column":5}},{"start":{},"end":{}}],"line":3},"2":{"loc":{"start":{"line":6,"column":4},"end":{"line":8,"column":5}},"type":"if","locations":[{"start":{"line":6,"column":4},"end":{"line":8,"column":5}},{"start":{},"end":{}}],"line":6},"3":{"loc":{"start":{"line":9,"column":4},"end":{"line":19,"column":5}},"type":"if","locations":[{"start":{"line":9,"column":4},"end":{"line":19,"column":5}},{"start":{},"end":{}}],"line":9},"4":{"loc":{"start":{"line":10,"column":14},"end":{"line":10,"column":28}},"type":"default-arg","locations":[{"start":{"line":10,"column":26},"end":{"line":10,"column":28}}],"line":10},"5":{"loc":{"start":{"line":10,"column":30},"end":{"line":10,"column":43}},"type":"default-arg","locations":[{"start":{"line":10,"column":41},"end":{"line":10,"column":43}}],"line":10},"6":{"loc":{"start":{"line":12,"column":6},"end":{"line":14,"column":7}},"type":"if","locations":[{"start":{"line":12,"column":6},"end":{"line":14,"column":7}},{"start":{},"end":{}}],"line":12},"7":{"loc":{"start":{"line":16,"column":6},"end":{"line":18,"column":7}},"type":"if","locations":[{"start":{"line":16,"column":6},"end":{"line":18,"column":7}},{"start":{},"end":{}}],"line":16},"8":{"loc":{"start":{"line":24,"column":37},"end":{"line":24,"column":49}},"type":"default-arg","locations":[{"start":{"line":24,"column":47},"end":{"line":24,"column":49}}],"line":24},"9":{"loc":{"start":{"line":26,"column":17},"end":{"line":26,"column":31}},"type":"default-arg","locations":[{"start":{"line":26,"column":29},"end":{"line":26,"column":31}}],"line":26},"10":{"loc":{"start":{"line":27,"column":4},"end":{"line":27,"column":14}},"type":"default-arg","locations":[{"start":{"line":27,"column":12},"end":{"line":27,"column":14}}],"line":27},"11":{"loc":{"start":{"line":28,"column":17},"end":{"line":28,"column":26}},"type":"default-arg","locations":[{"start":{"line":28,"column":24},"end":{"line":28,"column":26}}],"line":28},"12":{"loc":{"start":{"line":29,"column":11},"end":{"line":29,"column":72}},"type":"default-arg","locations":[{"start":{"line":29,"column":70},"end":{"line":29,"column":72}}],"line":29},"13":{"loc":{"start":{"line":29,"column":19},"end":{"line":29,"column":65}},"type":"default-arg","locations":[{"start":{"line":29,"column":63},"end":{"line":29,"column":65}}],"line":29},"14":{"loc":{"start":{"line":29,"column":33},"end":{"line":29,"column":58}},"type":"default-arg","locations":[{"start":{"line":29,"column":56},"end":{"line":29,"column":58}}],"line":29},"15":{"loc":{"start":{"line":29,"column":40},"end":{"line":29,"column":51}},"type":"default-arg","locations":[{"start":{"line":29,"column":49},"end":{"line":29,"column":51}}],"line":29},"16":{"loc":{"start":{"line":30,"column":14},"end":{"line":30,"column":69}},"type":"default-arg","locations":[{"start":{"line":30,"column":67},"end":{"line":30,"column":69}}],"line":30},"17":{"loc":{"start":{"line":30,"column":16},"end":{"line":30,"column":34}},"type":"default-arg","locations":[{"start":{"line":30,"column":29},"end":{"line":30,"column":34}}],"line":30},"18":{"loc":{"start":{"line":30,"column":48},"end":{"line":30,"column":62}},"type":"default-arg","locations":[{"start":{"line":30,"column":60},"end":{"line":30,"column":62}}],"line":30},"19":{"loc":{"start":{"line":42,"column":34},"end":{"line":42,"column":46}},"type":"default-arg","locations":[{"start":{"line":42,"column":44},"end":{"line":42,"column":46}}],"line":42},"20":{"loc":{"start":{"line":44,"column":17},"end":{"line":44,"column":31}},"type":"default-arg","locations":[{"start":{"line":44,"column":29},"end":{"line":44,"column":31}}],"line":44},"21":{"loc":{"start":{"line":45,"column":4},"end":{"line":45,"column":14}},"type":"default-arg","locations":[{"start":{"line":45,"column":12},"end":{"line":45,"column":14}}],"line":45},"22":{"loc":{"start":{"line":46,"column":13},"end":{"line":46,"column":22}},"type":"default-arg","locations":[{"start":{"line":46,"column":20},"end":{"line":46,"column":22}}],"line":46},"23":{"loc":{"start":{"line":47,"column":14},"end":{"line":47,"column":69}},"type":"default-arg","locations":[{"start":{"line":47,"column":67},"end":{"line":47,"column":69}}],"line":47},"24":{"loc":{"start":{"line":47,"column":16},"end":{"line":47,"column":34}},"type":"default-arg","locations":[{"start":{"line":47,"column":29},"end":{"line":47,"column":34}}],"line":47},"25":{"loc":{"start":{"line":47,"column":48},"end":{"line":47,"column":62}},"type":"default-arg","locations":[{"start":{"line":47,"column":60},"end":{"line":47,"column":62}}],"line":47},"26":{"loc":{"start":{"line":58,"column":28},"end":{"line":58,"column":40}},"type":"default-arg","locations":[{"start":{"line":58,"column":38},"end":{"line":58,"column":40}}],"line":58},"27":{"loc":{"start":{"line":60,"column":4},"end":{"line":60,"column":14}},"type":"default-arg","locations":[{"start":{"line":60,"column":12},"end":{"line":60,"column":14}}],"line":60},"28":{"loc":{"start":{"line":61,"column":4},"end":{"line":61,"column":20}},"type":"default-arg","locations":[{"start":{"line":61,"column":18},"end":{"line":61,"column":20}}],"line":61},"29":{"loc":{"start":{"line":62,"column":14},"end":{"line":62,"column":69}},"type":"default-arg","locations":[{"start":{"line":62,"column":67},"end":{"line":62,"column":69}}],"line":62},"30":{"loc":{"start":{"line":62,"column":16},"end":{"line":62,"column":34}},"type":"default-arg","locations":[{"start":{"line":62,"column":29},"end":{"line":62,"column":34}}],"line":62},"31":{"loc":{"start":{"line":62,"column":48},"end":{"line":62,"column":62}},"type":"default-arg","locations":[{"start":{"line":62,"column":60},"end":{"line":62,"column":62}}],"line":62},"32":{"loc":{"start":{"line":63,"column":15},"end":{"line":63,"column":24}},"type":"default-arg","locations":[{"start":{"line":63,"column":22},"end":{"line":63,"column":24}}],"line":63},"33":{"loc":{"start":{"line":73,"column":14},"end":{"line":73,"column":24}},"type":"default-arg","locations":[{"start":{"line":73,"column":22},"end":{"line":73,"column":24}}],"line":73},"34":{"loc":{"start":{"line":73,"column":26},"end":{"line":73,"column":42}},"type":"default-arg","locations":[{"start":{"line":73,"column":40},"end":{"line":73,"column":42}}],"line":73},"35":{"loc":{"start":{"line":79,"column":29},"end":{"line":79,"column":41}},"type":"default-arg","locations":[{"start":{"line":79,"column":39},"end":{"line":79,"column":41}}],"line":79},"36":{"loc":{"start":{"line":81,"column":4},"end":{"line":81,"column":14}},"type":"default-arg","locations":[{"start":{"line":81,"column":12},"end":{"line":81,"column":14}}],"line":81},"37":{"loc":{"start":{"line":82,"column":4},"end":{"line":82,"column":20}},"type":"default-arg","locations":[{"start":{"line":82,"column":18},"end":{"line":82,"column":20}}],"line":82},"38":{"loc":{"start":{"line":83,"column":14},"end":{"line":83,"column":69}},"type":"default-arg","locations":[{"start":{"line":83,"column":67},"end":{"line":83,"column":69}}],"line":83},"39":{"loc":{"start":{"line":83,"column":16},"end":{"line":83,"column":34}},"type":"default-arg","locations":[{"start":{"line":83,"column":29},"end":{"line":83,"column":34}}],"line":83},"40":{"loc":{"start":{"line":83,"column":48},"end":{"line":83,"column":62}},"type":"default-arg","locations":[{"start":{"line":83,"column":60},"end":{"line":83,"column":62}}],"line":83},"41":{"loc":{"start":{"line":84,"column":14},"end":{"line":84,"column":61}},"type":"default-arg","locations":[{"start":{"line":84,"column":59},"end":{"line":84,"column":61}}],"line":84},"42":{"loc":{"start":{"line":84,"column":15},"end":{"line":84,"column":55}},"type":"default-arg","locations":[{"start":{"line":84,"column":53},"end":{"line":84,"column":55}}],"line":84},"43":{"loc":{"start":{"line":84,"column":24},"end":{"line":84,"column":48}},"type":"default-arg","locations":[{"start":{"line":84,"column":46},"end":{"line":84,"column":48}}],"line":84},"44":{"loc":{"start":{"line":84,"column":32},"end":{"line":84,"column":41}},"type":"default-arg","locations":[{"start":{"line":84,"column":39},"end":{"line":84,"column":41}}],"line":84},"45":{"loc":{"start":{"line":95,"column":20},"end":{"line":95,"column":78}},"type":"default-arg","locations":[{"start":{"line":95,"column":76},"end":{"line":95,"column":78}}],"line":95},"46":{"loc":{"start":{"line":95,"column":39},"end":{"line":95,"column":51}},"type":"default-arg","locations":[{"start":{"line":95,"column":49},"end":{"line":95,"column":51}}],"line":95},"47":{"loc":{"start":{"line":95,"column":58},"end":{"line":95,"column":71}},"type":"default-arg","locations":[{"start":{"line":95,"column":69},"end":{"line":95,"column":71}}],"line":95}},"s":{"0":2,"1":7,"2":9,"3":1,"4":8,"5":1,"6":7,"7":3,"8":3,"9":1,"10":2,"11":1,"12":5,"13":2,"14":3,"15":3,"16":2,"17":3,"18":3,"19":2,"20":3,"21":3,"22":5,"23":5,"24":2,"25":3,"26":3,"27":3,"28":3},"f":{"0":7,"1":9,"2":3,"3":3,"4":3,"5":5,"6":3,"7":3},"b":{"0":[1],"1":[1,8],"2":[1,7],"3":[3,4],"4":[2],"5":[1],"6":[1,2],"7":[1,1],"8":[1],"9":[2],"10":[1],"11":[1],"12":[1],"13":[1],"14":[1],"15":[1],"16":[1],"17":[1],"18":[2],"19":[1],"20":[2],"21":[1],"22":[1],"23":[1],"24":[1],"25":[2],"26":[1],"27":[1],"28":[1],"29":[1],"30":[1],"31":[2],"32":[1],"33":[0],"34":[0],"35":[1],"36":[2],"37":[2],"38":[2],"39":[2],"40":[3],"41":[1],"42":[1],"43":[1],"44":[1],"45":[0],"46":[0],"47":[0]},"_coverageSchema":"1a1c01bbd47fc00a2c39e90264f33305004495a9","hash":"e582b034f1c32d70f88b05b6d380fc945b2d92a9"}
,"D:\\Programação\\Udemy\\React - Next\\Pratica\\Projeto 1\\front-end\\src\\Components\\Footer\\index.jsx": {"path":"D:\\Programação\\Udemy\\React - Next\\Pratica\\Projeto 1\\front-end\\src\\Components\\Footer\\index.jsx","statementMap":{"0":{"start":{"line":5,"column":15},"end":{"line":13,"column":1}},"1":{"start":{"line":6,"column":2},"end":{"line":12,"column":3}}},"fnMap":{"0":{"name":"(anonymous_0)","decl":{"start":{"line":5,"column":15},"end":{"line":5,"column":16}},"loc":{"start":{"line":5,"column":35},"end":{"line":13,"column":1}},"line":5}},"branchMap":{},"s":{"0":1,"1":1},"f":{"0":1},"b":{},"_coverageSchema":"1a1c01bbd47fc00a2c39e90264f33305004495a9","hash":"f77f52bb8d9bf60a8c275b20e8dd96da00360f79"}
,"D:\\Programação\\Udemy\\React - Next\\Pratica\\Projeto 1\\front-end\\src\\Components\\Footer\\styles.js": {"path":"D:\\Programação\\Udemy\\React - Next\\Pratica\\Projeto 1\\front-end\\src\\Components\\Footer\\styles.js","statementMap":{"0":{"start":{"line":6,"column":25},"end":{"line":19,"column":1}}},"fnMap":{},"branchMap":{},"s":{"0":1},"f":{},"b":{},"_coverageSchema":"1a1c01bbd47fc00a2c39e90264f33305004495a9","hash":"2f4b886e34136b20734f74fb6d6704151fcd6e5f"}
,"D:\\Programação\\Udemy\\React - Next\\Pratica\\Projeto 1\\front-end\\src\\Components\\GoTop\\index.jsx": {"path":"D:\\Programação\\Udemy\\React - Next\\Pratica\\Projeto 1\\front-end\\src\\Components\\GoTop\\index.jsx","statementMap":{"0":{"start":{"line":4,"column":14},"end":{"line":10,"column":1}},"1":{"start":{"line":5,"column":2},"end":{"line":9,"column":3}}},"fnMap":{"0":{"name":"(anonymous_0)","decl":{"start":{"line":4,"column":14},"end":{"line":4,"column":15}},"loc":{"start":{"line":4,"column":20},"end":{"line":10,"column":1}},"line":4}},"branchMap":{},"s":{"0":1,"1":1},"f":{"0":1},"b":{},"_coverageSchema":"1a1c01bbd47fc00a2c39e90264f33305004495a9","hash":"ef806b7de3a2f2dbbf789914463bd8368d3a8498"}
,"D:\\Programação\\Udemy\\React - Next\\Pratica\\Projeto 1\\front-end\\src\\Components\\GoTop\\styles.js": {"path":"D:\\Programação\\Udemy\\React - Next\\Pratica\\Projeto 1\\front-end\\src\\Components\\GoTop\\styles.js","statementMap":{"0":{"start":{"line":4,"column":25},"end":{"line":14,"column":1}}},"fnMap":{},"branchMap":{},"s":{"0":1},"f":{},"b":{},"_coverageSchema":"1a1c01bbd47fc00a2c39e90264f33305004495a9","hash":"6a5fec934f51a43853079928fa317a495fe7e979"}
,"D:\\Programação\\Udemy\\React - Next\\Pratica\\Projeto 1\\front-end\\src\\Components\\GridContent\\index.jsx": {"path":"D:\\Programação\\Udemy\\React - Next\\Pratica\\Projeto 1\\front-end\\src\\Components\\GridContent\\index.jsx","statementMap":{"0":{"start":{"line":6,"column":20},"end":{"line":19,"column":1}},"1":{"start":{"line":7,"column":2},"end":{"line":18,"column":3}}},"fnMap":{"0":{"name":"(anonymous_0)","decl":{"start":{"line":6,"column":20},"end":{"line":6,"column":21}},"loc":{"start":{"line":6,"column":69},"end":{"line":19,"column":1}},"line":6}},"branchMap":{"0":{"loc":{"start":{"line":6,"column":48},"end":{"line":6,"column":62}},"type":"default-arg","locations":[{"start":{"line":6,"column":60},"end":{"line":6,"column":62}}],"line":6}},"s":{"0":1,"1":1},"f":{"0":1},"b":{"0":[1]},"_coverageSchema":"1a1c01bbd47fc00a2c39e90264f33305004495a9","hash":"52a2fec915650d14fbd58fa2f468bd791b0df2a2"}
,"D:\\Programação\\Udemy\\React - Next\\Pratica\\Projeto 1\\front-end\\src\\Components\\GridContent\\styles.js": {"path":"D:\\Programação\\Udemy\\React - Next\\Pratica\\Projeto 1\\front-end\\src\\Components\\GridContent\\styles.js","statementMap":{"0":{"start":{"line":3,"column":25},"end":{"line":7,"column":1}},"1":{"start":{"line":8,"column":20},"end":{"line":8,"column":32}}},"fnMap":{},"branchMap":{},"s":{"0":1,"1":1},"f":{},"b":{},"_coverageSchema":"1a1c01bbd47fc00a2c39e90264f33305004495a9","hash":"f4c2a2dc8e192ce631728b6d7541628aa4bdcf6d"}
,"D:\\Programação\\Udemy\\React - Next\\Pratica\\Projeto 1\\front-end\\src\\Components\\GridImage\\index.jsx": {"path":"D:\\Programação\\Udemy\\React - Next\\Pratica\\Projeto 1\\front-end\\src\\Components\\GridImage\\index.jsx","statementMap":{"0":{"start":{"line":6,"column":18},"end":{"line":30,"column":1}},"1":{"start":{"line":13,"column":2},"end":{"line":29,"column":3}},"2":{"start":{"line":22,"column":12},"end":{"line":24,"column":23}}},"fnMap":{"0":{"name":"(anonymous_0)","decl":{"start":{"line":6,"column":18},"end":{"line":6,"column":19}},"loc":{"start":{"line":12,"column":6},"end":{"line":30,"column":1}},"line":12},"1":{"name":"(anonymous_1)","decl":{"start":{"line":21,"column":20},"end":{"line":21,"column":21}},"loc":{"start":{"line":22,"column":12},"end":{"line":24,"column":23}},"line":22}},"branchMap":{"0":{"loc":{"start":{"line":11,"column":2},"end":{"line":11,"column":16}},"type":"default-arg","locations":[{"start":{"line":11,"column":14},"end":{"line":11,"column":16}}],"line":11}},"s":{"0":1,"1":1,"2":6},"f":{"0":1,"1":6},"b":{"0":[1]},"_coverageSchema":"1a1c01bbd47fc00a2c39e90264f33305004495a9","hash":"49e71bc11bd37fb257562ebbbf258d22f51119e9"}
,"D:\\Programação\\Udemy\\React - Next\\Pratica\\Projeto 1\\front-end\\src\\Components\\GridImage\\mock.js": {"path":"D:\\Programação\\Udemy\\React - Next\\Pratica\\Projeto 1\\front-end\\src\\Components\\GridImage\\mock.js","statementMap":{},"fnMap":{},"branchMap":{},"s":{},"f":{},"b":{},"_coverageSchema":"1a1c01bbd47fc00a2c39e90264f33305004495a9","hash":"6cba509c24d0a1cd16010ca9f9a0c80753d1730c"}
,"D:\\Programação\\Udemy\\React - Next\\Pratica\\Projeto 1\\front-end\\src\\Components\\GridImage\\styles.js": {"path":"D:\\Programação\\Udemy\\React - Next\\Pratica\\Projeto 1\\front-end\\src\\Components\\GridImage\\styles.js","statementMap":{"0":{"start":{"line":6,"column":25},"end":{"line":10,"column":1}},"1":{"start":{"line":12,"column":20},"end":{"line":16,"column":1}},"2":{"start":{"line":18,"column":24},"end":{"line":28,"column":1}}},"fnMap":{},"branchMap":{},"s":{"0":1,"1":1,"2":1},"f":{},"b":{},"_coverageSchema":"1a1c01bbd47fc00a2c39e90264f33305004495a9","hash":"f6edeb0d02f35c81103a7dab9e67acf3c2b5c287"}
,"D:\\Programação\\Udemy\\React - Next\\Pratica\\Projeto 1\\front-end\\src\\Components\\GridText\\index.jsx": {"path":"D:\\Programação\\Udemy\\React - Next\\Pratica\\Projeto 1\\front-end\\src\\Components\\GridText\\index.jsx","statementMap":{"0":{"start":{"line":6,"column":17},"end":{"line":27,"column":1}},"1":{"start":{"line":7,"column":2},"end":{"line":26,"column":3}},"2":{"start":{"line":16,"column":12},"end":{"line":21,"column":23}}},"fnMap":{"0":{"name":"(anonymous_0)","decl":{"start":{"line":6,"column":17},"end":{"line":6,"column":18}},"loc":{"start":{"line":6,"column":79},"end":{"line":27,"column":1}},"line":6},"1":{"name":"(anonymous_1)","decl":{"start":{"line":15,"column":20},"end":{"line":15,"column":21}},"loc":{"start":{"line":16,"column":12},"end":{"line":21,"column":23}},"line":16}},"branchMap":{"0":{"loc":{"start":{"line":6,"column":58},"end":{"line":6,"column":72}},"type":"default-arg","locations":[{"start":{"line":6,"column":70},"end":{"line":6,"column":72}}],"line":6}},"s":{"0":1,"1":1,"2":3},"f":{"0":1,"1":3},"b":{"0":[1]},"_coverageSchema":"1a1c01bbd47fc00a2c39e90264f33305004495a9","hash":"264733921af0c3e709d14cf2e2dba420282c2bb2"}
,"D:\\Programação\\Udemy\\React - Next\\Pratica\\Projeto 1\\front-end\\src\\Components\\GridText\\mock.js": {"path":"D:\\Programação\\Udemy\\React - Next\\Pratica\\Projeto 1\\front-end\\src\\Components\\GridText\\mock.js","statementMap":{},"fnMap":{},"branchMap":{},"s":{},"f":{},"b":{},"_coverageSchema":"1a1c01bbd47fc00a2c39e90264f33305004495a9","hash":"7a5872d31f348b0f17fdc396b0ce0402e76a1b70"}
,"D:\\Programação\\Udemy\\React - Next\\Pratica\\Projeto 1\\front-end\\src\\Components\\GridText\\styles.js": {"path":"D:\\Programação\\Udemy\\React - Next\\Pratica\\Projeto 1\\front-end\\src\\Components\\GridText\\styles.js","statementMap":{"0":{"start":{"line":6,"column":25},"end":{"line":10,"column":1}},"1":{"start":{"line":12,"column":20},"end":{"line":17,"column":1}},"2":{"start":{"line":19,"column":24},"end":{"line":36,"column":1}}},"fnMap":{},"branchMap":{},"s":{"0":1,"1":1,"2":1},"f":{},"b":{},"_coverageSchema":"1a1c01bbd47fc00a2c39e90264f33305004495a9","hash":"59bab0e8d8d75800956665495bed17d73a305944"}
,"D:\\Programação\\Udemy\\React - Next\\Pratica\\Projeto 1\\front-end\\src\\Components\\GridTwoColumns\\index.jsx": {"path":"D:\\Programação\\Udemy\\React - Next\\Pratica\\Projeto 1\\front-end\\src\\Components\\GridTwoColumns\\index.jsx","statementMap":{"0":{"start":{"line":6,"column":23},"end":{"line":28,"column":1}},"1":{"start":{"line":13,"column":2},"end":{"line":27,"column":3}}},"fnMap":{"0":{"name":"(anonymous_0)","decl":{"start":{"line":6,"column":23},"end":{"line":6,"column":24}},"loc":{"start":{"line":12,"column":6},"end":{"line":28,"column":1}},"line":12}},"branchMap":{"0":{"loc":{"start":{"line":10,"column":2},"end":{"line":10,"column":20}},"type":"default-arg","locations":[{"start":{"line":10,"column":15},"end":{"line":10,"column":20}}],"line":10},"1":{"loc":{"start":{"line":11,"column":2},"end":{"line":11,"column":16}},"type":"default-arg","locations":[{"start":{"line":11,"column":14},"end":{"line":11,"column":16}}],"line":11}},"s":{"0":1,"1":2},"f":{"0":2},"b":{"0":[1],"1":[2]},"_coverageSchema":"1a1c01bbd47fc00a2c39e90264f33305004495a9","hash":"b0d1e249834568c77248a35a9e24cfd754f1116d"}
,"D:\\Programação\\Udemy\\React - Next\\Pratica\\Projeto 1\\front-end\\src\\Components\\GridTwoColumns\\mock.js": {"path":"D:\\Programação\\Udemy\\React - Next\\Pratica\\Projeto 1\\front-end\\src\\Components\\GridTwoColumns\\mock.js","statementMap":{},"fnMap":{},"branchMap":{},"s":{},"f":{},"b":{},"_coverageSchema":"1a1c01bbd47fc00a2c39e90264f33305004495a9","hash":"cefb5d0339593b92d7eaf892e841789a4d8affc5"}
,"D:\\Programação\\Udemy\\React - Next\\Pratica\\Projeto 1\\front-end\\src\\Components\\GridTwoColumns\\styles.js": {"path":"D:\\Programação\\Udemy\\React - Next\\Pratica\\Projeto 1\\front-end\\src\\Components\\GridTwoColumns\\styles.js","statementMap":{"0":{"start":{"line":5,"column":26},"end":{"line":19,"column":1}},"1":{"start":{"line":21,"column":29},"end":{"line":25,"column":1}},"2":{"start":{"line":27,"column":30},"end":{"line":31,"column":1}}},"fnMap":{},"branchMap":{},"s":{"0":1,"1":1,"2":1},"f":{},"b":{},"_coverageSchema":"1a1c01bbd47fc00a2c39e90264f33305004495a9","hash":"a72a49fc4c49a2fd0aed36a6a56b6e710aa3c8f4"}
,"D:\\Programação\\Udemy\\React - Next\\Pratica\\Projeto 1\\front-end\\src\\Components\\Heading\\index.jsx": {"path":"D:\\Programação\\Udemy\\React - Next\\Pratica\\Projeto 1\\front-end\\src\\Components\\Heading\\index.jsx","statementMap":{"0":{"start":{"line":4,"column":16},"end":{"line":16,"column":1}},"1":{"start":{"line":11,"column":2},"end":{"line":15,"column":3}},"2":{"start":{"line":19,"column":0},"end":{"line":25,"column":1}}},"fnMap":{"0":{"name":"(anonymous_0)","decl":{"start":{"line":4,"column":16},"end":{"line":4,"column":17}},"loc":{"start":{"line":10,"column":6},"end":{"line":16,"column":1}},"line":10}},"branchMap":{"0":{"loc":{"start":{"line":6,"column":2},"end":{"line":6,"column":19}},"type":"default-arg","locations":[{"start":{"line":6,"column":14},"end":{"line":6,"column":19}}],"line":6},"1":{"loc":{"start":{"line":7,"column":2},"end":{"line":7,"column":15}},"type":"default-arg","locations":[{"start":{"line":7,"column":9},"end":{"line":7,"column":15}}],"line":7},"2":{"loc":{"start":{"line":8,"column":2},"end":{"line":8,"column":11}},"type":"default-arg","locations":[{"start":{"line":8,"column":7},"end":{"line":8,"column":11}}],"line":8},"3":{"loc":{"start":{"line":9,"column":2},"end":{"line":9,"column":19}},"type":"default-arg","locations":[{"start":{"line":9,"column":14},"end":{"line":9,"column":19}}],"line":9}},"s":{"0":7,"1":24,"2":7},"f":{"0":24},"b":{"0":[20],"1":[7],"2":[15],"3":[18]},"_coverageSchema":"1a1c01bbd47fc00a2c39e90264f33305004495a9","hash":"c9d7769f92708eefe3c98279a7bff08405cb7eb0"}
,"D:\\Programação\\Udemy\\React - Next\\Pratica\\Projeto 1\\front-end\\src\\Components\\Heading\\styles.js": {"path":"D:\\Programação\\Udemy\\React - Next\\Pratica\\Projeto 1\\front-end\\src\\Components\\Heading\\styles.js","statementMap":{"0":{"start":{"line":4,"column":18},"end":{"line":15,"column":1}},"1":{"start":{"line":5,"column":2},"end":{"line":14,"column":3}},"2":{"start":{"line":7,"column":6},"end":{"line":7,"column":37}},"3":{"start":{"line":9,"column":6},"end":{"line":9,"column":36}},"4":{"start":{"line":11,"column":6},"end":{"line":11,"column":37}},"5":{"start":{"line":13,"column":6},"end":{"line":13,"column":36}},"6":{"start":{"line":17,"column":21},"end":{"line":26,"column":1}},"7":{"start":{"line":19,"column":4},"end":{"line":19,"column":64}},"8":{"start":{"line":20,"column":26},"end":{"line":20,"column":47}},"9":{"start":{"line":21,"column":32},"end":{"line":21,"column":70}}},"fnMap":{"0":{"name":"(anonymous_0)","decl":{"start":{"line":4,"column":18},"end":{"line":4,"column":19}},"loc":{"start":{"line":4,"column":28},"end":{"line":15,"column":1}},"line":4},"1":{"name":"(anonymous_1)","decl":{"start":{"line":18,"column":11},"end":{"line":18,"column":12}},"loc":{"start":{"line":19,"column":4},"end":{"line":19,"column":64}},"line":19},"2":{"name":"(anonymous_2)","decl":{"start":{"line":20,"column":15},"end":{"line":20,"column":16}},"loc":{"start":{"line":20,"column":26},"end":{"line":20,"column":47}},"line":20},"3":{"name":"(anonymous_3)","decl":{"start":{"line":21,"column":20},"end":{"line":21,"column":21}},"loc":{"start":{"line":21,"column":32},"end":{"line":21,"column":70}},"line":21}},"branchMap":{"0":{"loc":{"start":{"line":5,"column":2},"end":{"line":14,"column":3}},"type":"switch","locations":[{"start":{"line":6,"column":4},"end":{"line":7,"column":37}},{"start":{"line":8,"column":4},"end":{"line":9,"column":36}},{"start":{"line":10,"column":4},"end":{"line":11,"column":37}},{"start":{"line":12,"column":4},"end":{"line":13,"column":36}}],"line":5},"1":{"loc":{"start":{"line":19,"column":4},"end":{"line":19,"column":64}},"type":"cond-expr","locations":[{"start":{"line":19,"column":22},"end":{"line":19,"column":40}},{"start":{"line":19,"column":43},"end":{"line":19,"column":64}}],"line":19},"2":{"loc":{"start":{"line":21,"column":32},"end":{"line":21,"column":70}},"type":"cond-expr","locations":[{"start":{"line":21,"column":50},"end":{"line":21,"column":61}},{"start":{"line":21,"column":64},"end":{"line":21,"column":70}}],"line":21}},"s":{"0":7,"1":24,"2":8,"3":4,"4":1,"5":11,"6":7,"7":24,"8":24,"9":24},"f":{"0":24,"1":24,"2":24,"3":24},"b":{"0":[8,4,1,11],"1":[2,22],"2":[6,18]},"_coverageSchema":"1a1c01bbd47fc00a2c39e90264f33305004495a9","hash":"88ed3e377392cc63ba778e550bb946781e4e645a"}
,"D:\\Programação\\Udemy\\React - Next\\Pratica\\Projeto 1\\front-end\\src\\Components\\LogoLink\\index.jsx": {"path":"D:\\Programação\\Udemy\\React - Next\\Pratica\\Projeto 1\\front-end\\src\\Components\\LogoLink\\index.jsx","statementMap":{"0":{"start":{"line":4,"column":17},"end":{"line":10,"column":1}},"1":{"start":{"line":5,"column":2},"end":{"line":9,"column":3}}},"fnMap":{"0":{"name":"(anonymous_0)","decl":{"start":{"line":4,"column":17},"end":{"line":4,"column":18}},"loc":{"start":{"line":4,"column":45},"end":{"line":10,"column":1}},"line":4}},"branchMap":{"0":{"loc":{"start":{"line":7,"column":25},"end":{"line":7,"column":72}},"type":"cond-expr","locations":[{"start":{"line":7,"column":34},"end":{"line":7,"column":65}},{"start":{"line":7,"column":68},"end":{"line":7,"column":72}}],"line":7}},"s":{"0":2,"1":7},"f":{"0":7},"b":{"0":[1,6]},"_coverageSchema":"1a1c01bbd47fc00a2c39e90264f33305004495a9","hash":"0fa6ce1bba718500c4f6c882e8d3438b2d97de38"}
,"D:\\Programação\\Udemy\\React - Next\\Pratica\\Projeto 1\\front-end\\src\\Components\\LogoLink\\styles.js": {"path":"D:\\Programação\\Udemy\\React - Next\\Pratica\\Projeto 1\\front-end\\src\\Components\\LogoLink\\styles.js","statementMap":{"0":{"start":{"line":3,"column":20},"end":{"line":12,"column":1}}},"fnMap":{},"branchMap":{},"s":{"0":2},"f":{},"b":{},"_coverageSchema":"1a1c01bbd47fc00a2c39e90264f33305004495a9","hash":"a9b7cd28b2417ee4049ef290ce2dbf33c2b026d3"}
,"D:\\Programação\\Udemy\\React - Next\\Pratica\\Projeto 1\\front-end\\src\\Components\\Menu\\index.jsx": {"path":"D:\\Programação\\Udemy\\React - Next\\Pratica\\Projeto 1\\front-end\\src\\Components\\Menu\\index.jsx","statementMap":{"0":{"start":{"line":9,"column":13},"end":{"line":35,"column":1}},"1":{"start":{"line":10,"column":32},"end":{"line":10,"column":47}},"2":{"start":{"line":12,"column":2},"end":{"line":34,"column":3}},"3":{"start":{"line":16,"column":23},"end":{"line":16,"column":39}},"4":{"start":{"line":25,"column":54},"end":{"line":25,"column":71}}},"fnMap":{"0":{"name":"(anonymous_0)","decl":{"start":{"line":9,"column":13},"end":{"line":9,"column":14}},"loc":{"start":{"line":9,"column":43},"end":{"line":35,"column":1}},"line":9},"1":{"name":"(anonymous_1)","decl":{"start":{"line":16,"column":17},"end":{"line":16,"column":18}},"loc":{"start":{"line":16,"column":23},"end":{"line":16,"column":39}},"line":16},"2":{"name":"(anonymous_2)","decl":{"start":{"line":25,"column":48},"end":{"line":25,"column":49}},"loc":{"start":{"line":25,"column":54},"end":{"line":25,"column":71}},"line":25}},"branchMap":{"0":{"loc":{"start":{"line":9,"column":16},"end":{"line":9,"column":26}},"type":"default-arg","locations":[{"start":{"line":9,"column":24},"end":{"line":9,"column":26}}],"line":9},"1":{"loc":{"start":{"line":19,"column":9},"end":{"line":23,"column":9}},"type":"cond-expr","locations":[{"start":{"line":20,"column":10},"end":{"line":20,"column":47}},{"start":{"line":22,"column":10},"end":{"line":22,"column":45}}],"line":19}},"s":{"0":1,"1":5,"2":5,"3":1,"4":1},"f":{"0":5,"1":1,"2":1},"b":{"0":[1],"1":[1,4]},"_coverageSchema":"1a1c01bbd47fc00a2c39e90264f33305004495a9","hash":"f1c702484cee7998d292ca2348570051797a8fdd"}
,"D:\\Programação\\Udemy\\React - Next\\Pratica\\Projeto 1\\front-end\\src\\Components\\Menu\\styles.js": {"path":"D:\\Programação\\Udemy\\React - Next\\Pratica\\Projeto 1\\front-end\\src\\Components\\Menu\\styles.js","statementMap":{"0":{"start":{"line":6,"column":29},"end":{"line":46,"column":1}},"1":{"start":{"line":28,"column":30},"end":{"line":28,"column":66}},"2":{"start":{"line":29,"column":27},"end":{"line":29,"column":48}},"3":{"start":{"line":47,"column":27},"end":{"line":57,"column":1}},"4":{"start":{"line":58,"column":22},"end":{"line":81,"column":1}},"5":{"start":{"line":71,"column":32},"end":{"line":71,"column":62}}},"fnMap":{"0":{"name":"(anonymous_0)","decl":{"start":{"line":28,"column":18},"end":{"line":28,"column":19}},"loc":{"start":{"line":28,"column":30},"end":{"line":28,"column":66}},"line":28},"1":{"name":"(anonymous_1)","decl":{"start":{"line":29,"column":15},"end":{"line":29,"column":16}},"loc":{"start":{"line":29,"column":27},"end":{"line":29,"column":48}},"line":29},"2":{"name":"(anonymous_2)","decl":{"start":{"line":71,"column":20},"end":{"line":71,"column":21}},"loc":{"start":{"line":71,"column":32},"end":{"line":71,"column":62}},"line":71}},"branchMap":{"0":{"loc":{"start":{"line":28,"column":30},"end":{"line":28,"column":66}},"type":"cond-expr","locations":[{"start":{"line":28,"column":46},"end":{"line":28,"column":55}},{"start":{"line":28,"column":58},"end":{"line":28,"column":66}}],"line":28},"1":{"loc":{"start":{"line":29,"column":27},"end":{"line":29,"column":48}},"type":"cond-expr","locations":[{"start":{"line":29,"column":43},"end":{"line":29,"column":44}},{"start":{"line":29,"column":47},"end":{"line":29,"column":48}}],"line":29},"2":{"loc":{"start":{"line":71,"column":32},"end":{"line":71,"column":62}},"type":"cond-expr","locations":[{"start":{"line":71,"column":48},"end":{"line":71,"column":54}},{"start":{"line":71,"column":57},"end":{"line":71,"column":62}}],"line":71}},"s":{"0":1,"1":5,"2":5,"3":1,"4":1,"5":5},"f":{"0":5,"1":5,"2":5},"b":{"0":[1,4],"1":[1,4],"2":[1,4]},"_coverageSchema":"1a1c01bbd47fc00a2c39e90264f33305004495a9","hash":"8a6d9a85e3d3088d0882932e18da1f5435b9b573"}
,"D:\\Programação\\Udemy\\React - Next\\Pratica\\Projeto 1\\front-end\\src\\Components\\MenuLink\\index.jsx": {"path":"D:\\Programação\\Udemy\\React - Next\\Pratica\\Projeto 1\\front-end\\src\\Components\\MenuLink\\index.jsx","statementMap":{"0":{"start":{"line":3,"column":17},"end":{"line":11,"column":1}},"1":{"start":{"line":4,"column":17},"end":{"line":4,"column":44}},"2":{"start":{"line":6,"column":2},"end":{"line":10,"column":3}}},"fnMap":{"0":{"name":"(anonymous_0)","decl":{"start":{"line":3,"column":17},"end":{"line":3,"column":18}},"loc":{"start":{"line":3,"column":57},"end":{"line":11,"column":1}},"line":3}},"branchMap":{"0":{"loc":{"start":{"line":3,"column":36},"end":{"line":3,"column":50}},"type":"default-arg","locations":[{"start":{"line":3,"column":45},"end":{"line":3,"column":50}}],"line":3},"1":{"loc":{"start":{"line":4,"column":17},"end":{"line":4,"column":44}},"type":"cond-expr","locations":[{"start":{"line":4,"column":26},"end":{"line":4,"column":34}},{"start":{"line":4,"column":37},"end":{"line":4,"column":44}}],"line":4}},"s":{"0":3,"1":32,"2":32},"f":{"0":32},"b":{"0":[1],"1":[1,31]},"_coverageSchema":"1a1c01bbd47fc00a2c39e90264f33305004495a9","hash":"b84005e2ef0fd2f5c4807a745f648e7afbd5599d"}
,"D:\\Programação\\Udemy\\React - Next\\Pratica\\Projeto 1\\front-end\\src\\Components\\MenuLink\\styles.js": {"path":"D:\\Programação\\Udemy\\React - Next\\Pratica\\Projeto 1\\front-end\\src\\Components\\MenuLink\\styles.js","statementMap":{"0":{"start":{"line":4,"column":20},"end":{"line":27,"column":1}}},"fnMap":{},"branchMap":{},"s":{"0":3},"f":{},"b":{},"_coverageSchema":"1a1c01bbd47fc00a2c39e90264f33305004495a9","hash":"476245be548d62702d2354506b4247bb2419f1f2"}
,"D:\\Programação\\Udemy\\React - Next\\Pratica\\Projeto 1\\front-end\\src\\Components\\NavLinks\\index.jsx": {"path":"D:\\Programação\\Udemy\\React - Next\\Pratica\\Projeto 1\\front-end\\src\\Components\\NavLinks\\index.jsx","statementMap":{"0":{"start":{"line":4,"column":17},"end":{"line":12,"column":1}},"1":{"start":{"line":5,"column":2},"end":{"line":11,"column":3}},"2":{"start":{"line":8,"column":8},"end":{"line":8,"column":46}}},"fnMap":{"0":{"name":"(anonymous_0)","decl":{"start":{"line":4,"column":17},"end":{"line":4,"column":18}},"loc":{"start":{"line":4,"column":37},"end":{"line":12,"column":1}},"line":4},"1":{"name":"(anonymous_1)","decl":{"start":{"line":7,"column":17},"end":{"line":7,"column":18}},"loc":{"start":{"line":8,"column":8},"end":{"line":8,"column":46}},"line":8}},"branchMap":{"0":{"loc":{"start":{"line":4,"column":20},"end":{"line":4,"column":30}},"type":"default-arg","locations":[{"start":{"line":4,"column":28},"end":{"line":4,"column":30}}],"line":4}},"s":{"0":2,"1":8,"2":30},"f":{"0":8,"1":30},"b":{"0":[1]},"_coverageSchema":"1a1c01bbd47fc00a2c39e90264f33305004495a9","hash":"bd21d49b9d786b6ee2c5191b7c281af5df71ba43"}
,"D:\\Programação\\Udemy\\React - Next\\Pratica\\Projeto 1\\front-end\\src\\Components\\NavLinks\\mock.js": {"path":"D:\\Programação\\Udemy\\React - Next\\Pratica\\Projeto 1\\front-end\\src\\Components\\NavLinks\\mock.js","statementMap":{},"fnMap":{},"branchMap":{},"s":{},"f":{},"b":{},"_coverageSchema":"1a1c01bbd47fc00a2c39e90264f33305004495a9","hash":"20b1ae9e6383e4501f4bf9c760850a96941dabdb"}
,"D:\\Programação\\Udemy\\React - Next\\Pratica\\Projeto 1\\front-end\\src\\Components\\NavLinks\\styles.js": {"path":"D:\\Programação\\Udemy\\React - Next\\Pratica\\Projeto 1\\front-end\\src\\Components\\NavLinks\\styles.js","statementMap":{"0":{"start":{"line":4,"column":19},"end":{"line":12,"column":1}}},"fnMap":{},"branchMap":{},"s":{"0":2},"f":{},"b":{},"_coverageSchema":"1a1c01bbd47fc00a2c39e90264f33305004495a9","hash":"e1405165524538d143e9798bf346be38f650d00d"}
,"D:\\Programação\\Udemy\\React - Next\\Pratica\\Projeto 1\\front-end\\src\\Components\\SectionBackground\\index.jsx": {"path":"D:\\Programação\\Udemy\\React - Next\\Pratica\\Projeto 1\\front-end\\src\\Components\\SectionBackground\\index.jsx","statementMap":{"0":{"start":{"line":4,"column":26},"end":{"line":14,"column":1}},"1":{"start":{"line":9,"column":2},"end":{"line":13,"column":3}}},"fnMap":{"0":{"name":"(anonymous_0)","decl":{"start":{"line":4,"column":26},"end":{"line":4,"column":27}},"loc":{"start":{"line":8,"column":6},"end":{"line":14,"column":1}},"line":8}},"branchMap":{"0":{"loc":{"start":{"line":6,"column":2},"end":{"line":6,"column":20}},"type":"default-arg","locations":[{"start":{"line":6,"column":15},"end":{"line":6,"column":20}}],"line":6},"1":{"loc":{"start":{"line":7,"column":2},"end":{"line":7,"column":16}},"type":"default-arg","locations":[{"start":{"line":7,"column":14},"end":{"line":7,"column":16}}],"line":7}},"s":{"0":5,"1":7},"f":{"0":7},"b":{"0":[3],"1":[2]},"_coverageSchema":"1a1c01bbd47fc00a2c39e90264f33305004495a9","hash":"f3923190f1cc857f44461926b56514770ffadb85"}
,"D:\\Programação\\Udemy\\React - Next\\Pratica\\Projeto 1\\front-end\\src\\Components\\SectionBackground\\styles.js": {"path":"D:\\Programação\\Udemy\\React - Next\\Pratica\\Projeto 1\\front-end\\src\\Components\\SectionBackground\\styles.js","statementMap":{"0":{"start":{"line":4,"column":25},"end":{"line":12,"column":1}},"1":{"start":{"line":6,"column":4},"end":{"line":6,"column":65}},"2":{"start":{"line":8,"column":4},"end":{"line":8,"column":65}}},"fnMap":{"0":{"name":"(anonymous_0)","decl":{"start":{"line":5,"column":16},"end":{"line":5,"column":17}},"loc":{"start":{"line":6,"column":4},"end":{"line":6,"column":65}},"line":6},"1":{"name":"(anonymous_1)","decl":{"start":{"line":7,"column":11},"end":{"line":7,"column":12}},"loc":{"start":{"line":8,"column":4},"end":{"line":8,"column":65}},"line":8}},"branchMap":{"0":{"loc":{"start":{"line":6,"column":4},"end":{"line":6,"column":65}},"type":"cond-expr","locations":[{"start":{"line":6,"column":23},"end":{"line":6,"column":44}},{"start":{"line":6,"column":47},"end":{"line":6,"column":65}}],"line":6},"1":{"loc":{"start":{"line":8,"column":4},"end":{"line":8,"column":65}},"type":"cond-expr","locations":[{"start":{"line":8,"column":23},"end":{"line":8,"column":41}},{"start":{"line":8,"column":44},"end":{"line":8,"column":65}}],"line":8}},"s":{"0":5,"1":7,"2":7},"f":{"0":7,"1":7},"b":{"0":[2,5],"1":[2,5]},"_coverageSchema":"1a1c01bbd47fc00a2c39e90264f33305004495a9","hash":"8791c1208db7acb0523555c56c3f16f113ecd475"}
,"D:\\Programação\\Udemy\\React - Next\\Pratica\\Projeto 1\\front-end\\src\\Components\\SectionContainer\\index.jsx": {"path":"D:\\Programação\\Udemy\\React - Next\\Pratica\\Projeto 1\\front-end\\src\\Components\\SectionContainer\\index.jsx","statementMap":{"0":{"start":{"line":3,"column":25},"end":{"line":5,"column":1}},"1":{"start":{"line":4,"column":2},"end":{"line":4,"column":38}}},"fnMap":{"0":{"name":"(anonymous_0)","decl":{"start":{"line":3,"column":25},"end":{"line":3,"column":26}},"loc":{"start":{"line":3,"column":43},"end":{"line":5,"column":1}},"line":3}},"branchMap":{},"s":{"0":7,"1":13},"f":{"0":13},"b":{},"_coverageSchema":"1a1c01bbd47fc00a2c39e90264f33305004495a9","hash":"85d26c71da4c99ac9e6111ec57231a8df80ce99d"}
,"D:\\Programação\\Udemy\\React - Next\\Pratica\\Projeto 1\\front-end\\src\\Components\\SectionContainer\\styles.js": {"path":"D:\\Programação\\Udemy\\React - Next\\Pratica\\Projeto 1\\front-end\\src\\Components\\SectionContainer\\styles.js","statementMap":{"0":{"start":{"line":4,"column":23},"end":{"line":9,"column":1}}},"fnMap":{},"branchMap":{},"s":{"0":7},"f":{},"b":{},"_coverageSchema":"1a1c01bbd47fc00a2c39e90264f33305004495a9","hash":"563fc43482ae4d05bcd6174c6c1f4a9643422853"}
,"D:\\Programação\\Udemy\\React - Next\\Pratica\\Projeto 1\\front-end\\src\\Components\\Text\\index.jsx": {"path":"D:\\Programação\\Udemy\\React - Next\\Pratica\\Projeto 1\\front-end\\src\\Components\\Text\\index.jsx","statementMap":{"0":{"start":{"line":3,"column":13},"end":{"line":5,"column":1}},"1":{"start":{"line":4,"column":2},"end":{"line":4,"column":69}}},"fnMap":{"0":{"name":"(anonymous_0)","decl":{"start":{"line":3,"column":13},"end":{"line":3,"column":14}},"loc":{"start":{"line":3,"column":31},"end":{"line":5,"column":1}},"line":3}},"branchMap":{},"s":{"0":6,"1":11},"f":{"0":11},"b":{},"_coverageSchema":"1a1c01bbd47fc00a2c39e90264f33305004495a9","hash":"2a3200e76506a198af3d80972bccc8d3a09e7249"}
,"D:\\Programação\\Udemy\\React - Next\\Pratica\\Projeto 1\\front-end\\src\\Components\\Text\\styles.js": {"path":"D:\\Programação\\Udemy\\React - Next\\Pratica\\Projeto 1\\front-end\\src\\Components\\Text\\styles.js","statementMap":{"0":{"start":{"line":4,"column":25},"end":{"line":6,"column":1}}},"fnMap":{},"branchMap":{},"s":{"0":6},"f":{},"b":{},"_coverageSchema":"1a1c01bbd47fc00a2c39e90264f33305004495a9","hash":"9e134c6b79d611076fd4b882e2afa20ba115430c"}
,"D:\\Programação\\Udemy\\React - Next\\Pratica\\Projeto 1\\front-end\\src\\Styles\\theme.js": {"path":"D:\\Programação\\Udemy\\React - Next\\Pratica\\Projeto 1\\front-end\\src\\Styles\\theme.js","statementMap":{"0":{"start":{"line":1,"column":14},"end":{"line":35,"column":1}}},"fnMap":{},"branchMap":{},"s":{"0":13},"f":{},"b":{},"_coverageSchema":"1a1c01bbd47fc00a2c39e90264f33305004495a9","hash":"62a4e37cbf0a9ff6e24265a68169041ee4b5c688"}
}
