TN:
SF:src\Api\map-data.js
FN:4,(anonymous_0)
FN:5,(anonymous_1)
FNF:2
FNH:2
FNDA:2,(anonymous_0)
FNDA:2,(anonymous_1)
DA:4,1
DA:5,2
DA:12,2
DA:14,2
LF:4
LH:4
BRDA:4,0,0,1
BRDA:7,1,0,1
BRDA:8,2,0,1
BRDA:9,3,0,1
BRDA:10,4,0,1
BRDA:11,5,0,1
BRF:6
BRH:6
end_of_record
TN:
SF:src\Api\map-menu.js
FN:1,(anonymous_0)
FN:25,(anonymous_1)
FN:26,(anonymous_2)
FNF:3
FNH:3
FNDA:4,(anonymous_0)
FNDA:6,(anonymous_1)
FNDA:4,(anonymous_2)
DA:1,2
DA:12,4
DA:14,4
DA:16,4
DA:25,2
DA:26,6
DA:31,4
DA:33,4
LF:8
LH:8
BRDA:1,0,0,1
BRDA:3,1,0,3
BRDA:4,2,0,3
BRDA:5,3,0,3
BRDA:6,4,0,3
BRDA:14,5,0,4
BRDA:14,5,1,4
BRDA:25,6,0,1
BRDA:29,7,0,1
BRDA:30,8,0,1
BRF:10
BRH:10
end_of_record
TN:
SF:src\Api\map-sections.js
FN:1,(anonymous_0)
FN:2,(anonymous_1)
FN:24,(anonymous_2)
FN:42,(anonymous_3)
FN:58,(anonymous_4)
FN:72,(anonymous_5)
FN:79,(anonymous_6)
FN:93,(anonymous_7)
FNF:8
FNH:8
FNDA:7,(anonymous_0)
FNDA:9,(anonymous_1)
FNDA:3,(anonymous_2)
FNDA:3,(anonymous_3)
FNDA:3,(anonymous_4)
FNDA:5,(anonymous_5)
FNDA:3,(anonymous_6)
FNDA:3,(anonymous_7)
DA:1,2
DA:2,7
DA:3,9
DA:4,1
DA:6,8
DA:7,1
DA:9,7
DA:10,3
DA:12,3
DA:13,1
DA:16,2
DA:17,1
DA:20,5
DA:24,2
DA:31,3
DA:33,3
DA:42,2
DA:48,3
DA:50,3
DA:58,2
DA:64,3
DA:66,3
DA:73,5
DA:74,5
DA:79,2
DA:85,3
DA:87,3
DA:96,3
DA:97,3
LF:29
LH:29
BRDA:1,0,0,1
BRDA:3,1,0,1
BRDA:3,1,1,8
BRDA:6,2,0,1
BRDA:6,2,1,7
BRDA:9,3,0,3
BRDA:9,3,1,4
BRDA:10,4,0,2
BRDA:10,5,0,1
BRDA:12,6,0,1
BRDA:12,6,1,2
BRDA:16,7,0,1
BRDA:16,7,1,1
BRDA:24,8,0,1
BRDA:26,9,0,2
BRDA:27,10,0,1
BRDA:28,11,0,1
BRDA:29,12,0,1
BRDA:29,13,0,1
BRDA:29,14,0,1
BRDA:29,15,0,1
BRDA:30,16,0,1
BRDA:30,17,0,1
BRDA:30,18,0,2
BRDA:42,19,0,1
BRDA:44,20,0,2
BRDA:45,21,0,1
BRDA:46,22,0,1
BRDA:47,23,0,1
BRDA:47,24,0,1
BRDA:47,25,0,2
BRDA:58,26,0,1
BRDA:60,27,0,1
BRDA:61,28,0,1
BRDA:62,29,0,1
BRDA:62,30,0,1
BRDA:62,31,0,2
BRDA:63,32,0,1
BRDA:73,33,0,0
BRDA:73,34,0,0
BRDA:79,35,0,1
BRDA:81,36,0,2
BRDA:82,37,0,2
BRDA:83,38,0,2
BRDA:83,39,0,2
BRDA:83,40,0,3
BRDA:84,41,0,1
BRDA:84,42,0,1
BRDA:84,43,0,1
BRDA:84,44,0,1
BRDA:95,45,0,0
BRDA:95,46,0,0
BRDA:95,47,0,0
BRF:53
BRH:48
end_of_record
TN:
SF:src\Components\Footer\index.jsx
FN:5,(anonymous_0)
FNF:1
FNH:1
FNDA:1,(anonymous_0)
DA:5,1
DA:6,1
LF:2
LH:2
BRF:0
BRH:0
end_of_record
TN:
SF:src\Components\Footer\styles.js
FNF:0
FNH:0
DA:6,1
LF:1
LH:1
BRF:0
BRH:0
end_of_record
TN:
SF:src\Components\GoTop\index.jsx
FN:4,(anonymous_0)
FNF:1
FNH:1
FNDA:1,(anonymous_0)
DA:4,1
DA:5,1
LF:2
LH:2
BRF:0
BRH:0
end_of_record
TN:
SF:src\Components\GoTop\styles.js
FNF:0
FNH:0
DA:4,1
LF:1
LH:1
BRF:0
BRH:0
end_of_record
TN:
SF:src\Components\GridContent\index.jsx
FN:6,(anonymous_0)
FNF:1
FNH:1
FNDA:1,(anonymous_0)
DA:6,1
DA:7,1
LF:2
LH:2
BRDA:6,0,0,1
BRF:1
BRH:1
end_of_record
TN:
SF:src\Components\GridContent\styles.js
FNF:0
FNH:0
DA:3,1
DA:8,1
LF:2
LH:2
BRF:0
BRH:0
end_of_record
TN:
SF:src\Components\GridImage\index.jsx
FN:6,(anonymous_0)
FN:21,(anonymous_1)
FNF:2
FNH:2
FNDA:1,(anonymous_0)
FNDA:6,(anonymous_1)
DA:6,1
DA:13,1
DA:22,6
LF:3
LH:3
BRDA:11,0,0,1
BRF:1
BRH:1
end_of_record
TN:
SF:src\Components\GridImage\mock.js
FNF:0
FNH:0
LF:0
LH:0
BRF:0
BRH:0
end_of_record
TN:
SF:src\Components\GridImage\styles.js
FNF:0
FNH:0
DA:6,1
DA:12,1
DA:18,1
LF:3
LH:3
BRF:0
BRH:0
end_of_record
TN:
SF:src\Components\GridText\index.jsx
FN:6,(anonymous_0)
FN:15,(anonymous_1)
FNF:2
FNH:2
FNDA:1,(anonymous_0)
FNDA:3,(anonymous_1)
DA:6,1
DA:7,1
DA:16,3
LF:3
LH:3
BRDA:6,0,0,1
BRF:1
BRH:1
end_of_record
TN:
SF:src\Components\GridText\mock.js
FNF:0
FNH:0
LF:0
LH:0
BRF:0
BRH:0
end_of_record
TN:
SF:src\Components\GridText\styles.js
FNF:0
FNH:0
DA:6,1
DA:12,1
DA:19,1
LF:3
LH:3
BRF:0
BRH:0
end_of_record
TN:
SF:src\Components\GridTwoColumns\index.jsx
FN:6,(anonymous_0)
FNF:1
FNH:1
FNDA:2,(anonymous_0)
DA:6,1
DA:13,2
LF:2
LH:2
BRDA:10,0,0,1
BRDA:11,1,0,2
BRF:2
BRH:2
end_of_record
TN:
SF:src\Components\GridTwoColumns\mock.js
FNF:0
FNH:0
LF:0
LH:0
BRF:0
BRH:0
end_of_record
TN:
SF:src\Components\GridTwoColumns\styles.js
FNF:0
FNH:0
DA:5,1
DA:21,1
DA:27,1
LF:3
LH:3
BRF:0
BRH:0
end_of_record
TN:
SF:src\Components\Heading\index.jsx
FN:4,(anonymous_0)
FNF:1
FNH:1
FNDA:24,(anonymous_0)
DA:4,7
DA:11,24
DA:19,7
LF:3
LH:3
BRDA:6,0,0,20
BRDA:7,1,0,7
BRDA:8,2,0,15
BRDA:9,3,0,18
BRF:4
BRH:4
end_of_record
TN:
SF:src\Components\Heading\styles.js
FN:4,(anonymous_0)
FN:18,(anonymous_1)
FN:20,(anonymous_2)
FN:21,(anonymous_3)
FNF:4
FNH:4
FNDA:24,(anonymous_0)
FNDA:24,(anonymous_1)
FNDA:24,(anonymous_2)
FNDA:24,(anonymous_3)
DA:4,7
DA:5,24
DA:7,8
DA:9,4
DA:11,1
DA:13,11
DA:17,7
DA:19,24
DA:20,24
DA:21,24
LF:10
LH:10
BRDA:5,0,0,8
BRDA:5,0,1,4
BRDA:5,0,2,1
BRDA:5,0,3,11
BRDA:19,1,0,2
BRDA:19,1,1,22
BRDA:21,2,0,6
BRDA:21,2,1,18
BRF:8
BRH:8
end_of_record
TN:
SF:src\Components\LogoLink\index.jsx
FN:4,(anonymous_0)
FNF:1
FNH:1
FNDA:7,(anonymous_0)
DA:4,2
DA:5,7
LF:2
LH:2
BRDA:7,0,0,1
BRDA:7,0,1,6
BRF:2
BRH:2
end_of_record
TN:
SF:src\Components\LogoLink\styles.js
FNF:0
FNH:0
DA:3,2
LF:1
LH:1
BRF:0
BRH:0
end_of_record
TN:
SF:src\Components\Menu\index.jsx
FN:9,(anonymous_0)
FN:16,(anonymous_1)
FN:25,(anonymous_2)
FNF:3
FNH:3
FNDA:5,(anonymous_0)
FNDA:1,(anonymous_1)
FNDA:1,(anonymous_2)
DA:9,1
DA:10,5
DA:12,5
DA:16,1
DA:25,1
LF:5
LH:5
BRDA:9,0,0,1
BRDA:19,1,0,1
BRDA:19,1,1,4
BRF:3
BRH:3
end_of_record
TN:
SF:src\Components\Menu\styles.js
FN:28,(anonymous_0)
FN:29,(anonymous_1)
FN:71,(anonymous_2)
FNF:3
FNH:3
FNDA:5,(anonymous_0)
FNDA:5,(anonymous_1)
FNDA:5,(anonymous_2)
DA:6,1
DA:28,5
DA:29,5
DA:47,1
DA:58,1
DA:71,5
LF:6
LH:6
BRDA:28,0,0,1
BRDA:28,0,1,4
BRDA:29,1,0,1
BRDA:29,1,1,4
BRDA:71,2,0,1
BRDA:71,2,1,4
BRF:6
BRH:6
end_of_record
TN:
SF:src\Components\MenuLink\index.jsx
FN:3,(anonymous_0)
FNF:1
FNH:1
FNDA:32,(anonymous_0)
DA:3,3
DA:4,32
DA:6,32
LF:3
LH:3
BRDA:3,0,0,1
BRDA:4,1,0,1
BRDA:4,1,1,31
BRF:3
BRH:3
end_of_record
TN:
SF:src\Components\MenuLink\styles.js
FNF:0
FNH:0
DA:4,3
LF:1
LH:1
BRF:0
BRH:0
end_of_record
TN:
SF:src\Components\NavLinks\index.jsx
FN:4,(anonymous_0)
FN:7,(anonymous_1)
FNF:2
FNH:2
FNDA:8,(anonymous_0)
FNDA:30,(anonymous_1)
DA:4,2
DA:5,8
DA:8,30
LF:3
LH:3
BRDA:4,0,0,1
BRF:1
BRH:1
end_of_record
TN:
SF:src\Components\NavLinks\mock.js
FNF:0
FNH:0
LF:0
LH:0
BRF:0
BRH:0
end_of_record
TN:
SF:src\Components\NavLinks\styles.js
FNF:0
FNH:0
DA:4,2
LF:1
LH:1
BRF:0
BRH:0
end_of_record
TN:
SF:src\Components\SectionBackground\index.jsx
FN:4,(anonymous_0)
FNF:1
FNH:1
FNDA:7,(anonymous_0)
DA:4,5
DA:9,7
LF:2
LH:2
BRDA:6,0,0,3
BRDA:7,1,0,2
BRF:2
BRH:2
end_of_record
TN:
SF:src\Components\SectionBackground\styles.js
FN:5,(anonymous_0)
FN:7,(anonymous_1)
FNF:2
FNH:2
FNDA:7,(anonymous_0)
FNDA:7,(anonymous_1)
DA:4,5
DA:6,7
DA:8,7
LF:3
LH:3
BRDA:6,0,0,2
BRDA:6,0,1,5
BRDA:8,1,0,2
BRDA:8,1,1,5
BRF:4
BRH:4
end_of_record
TN:
SF:src\Components\SectionContainer\index.jsx
FN:3,(anonymous_0)
FNF:1
FNH:1
FNDA:13,(anonymous_0)
DA:3,7
DA:4,13
LF:2
LH:2
BRF:0
BRH:0
end_of_record
TN:
SF:src\Components\SectionContainer\styles.js
FNF:0
FNH:0
DA:4,7
LF:1
LH:1
BRF:0
BRH:0
end_of_record
TN:
SF:src\Components\Text\index.jsx
FN:3,(anonymous_0)
FNF:1
FNH:1
FNDA:11,(anonymous_0)
DA:3,6
DA:4,11
LF:2
LH:2
BRF:0
BRH:0
end_of_record
TN:
SF:src\Components\Text\styles.js
FNF:0
FNH:0
DA:4,6
LF:1
LH:1
BRF:0
BRH:0
end_of_record
TN:
SF:src\Styles\theme.js
FNF:0
FNH:0
DA:1,13
LF:1
LH:1
BRF:0
BRH:0
end_of_record
